sdk/DianJinSDK_Android_20140303_2.01/demo/DianJinWebReward/proguard/seeds.txt
com.bodong.dianjinweb.app.AppStateReceiver
com.bodong.dianjinweb.app.AppStateReceiver: AppStateReceiver()
com.bodong.dianjinweb.app.AppStateReceiver: void onReceive(android.content.Context,android.content.Intent)
com.bodong.dianjinweb.banner.BaseBanner
com.bodong.dianjinweb.banner.BaseBanner: int HANDLER_MSG_NEXT
com.bodong.dianjinweb.banner.BaseBanner: long DEFAULT_DURATION
com.bodong.dianjinweb.banner.BaseBanner: boolean mIsRegister
com.bodong.dianjinweb.banner.BaseBanner: long mDuration
com.bodong.dianjinweb.banner.BaseBanner: com.bodong.dianjinweb.view.DianJinFlipper mViewFlipper
com.bodong.dianjinweb.banner.BaseBanner: com.bodong.dianjinweb.banner.BaseBanner$a mConfigrationStateReceiver
com.bodong.dianjinweb.banner.BaseBanner: android.os.Handler mHandler
com.bodong.dianjinweb.banner.BaseBanner: BaseBanner(android.content.Context)
com.bodong.dianjinweb.banner.BaseBanner: void setBannerInterval(int)
com.bodong.dianjinweb.banner.BaseBanner: BaseBanner(android.content.Context,android.util.AttributeSet)
com.bodong.dianjinweb.banner.BaseBanner: void showNext()
com.bodong.dianjinweb.banner.BaseBanner: void onResize()
com.bodong.dianjinweb.banner.BaseBanner: void stopBanner()
com.bodong.dianjinweb.banner.BaseBanner: void pauseBanner()
com.bodong.dianjinweb.banner.BaseBanner: void resumeBanner()
com.bodong.dianjinweb.banner.BaseBanner: void resumeBannerDelay()
com.bodong.dianjinweb.banner.BaseBanner: void startBanner()
com.bodong.dianjinweb.banner.BaseBanner: void onWindowVisibilityChanged(int)
com.bodong.dianjinweb.banner.BaseBanner: void registerConfigrationStateReceiver(android.content.Context)
com.bodong.dianjinweb.banner.DianJinBanner
com.bodong.dianjinweb.banner.DianJinBanner: int MIN_LIMIT_TIME
com.bodong.dianjinweb.banner.DianJinBanner: com.bodong.dianjinweb.banner.DianJinBannerView mFirstBannerView
com.bodong.dianjinweb.banner.DianJinBanner: com.bodong.dianjinweb.banner.DianJinBannerView mSecondBannerView
com.bodong.dianjinweb.banner.DianJinBanner: int mCurrentIndex
com.bodong.dianjinweb.banner.DianJinBanner: boolean mIsFirstViewShow
com.bodong.dianjinweb.banner.DianJinBanner: java.util.ArrayList mBannerList
com.bodong.dianjinweb.banner.DianJinBanner: java.lang.String TAG
com.bodong.dianjinweb.banner.DianJinBanner: int[] $SWITCH_TABLE$com$bodong$dianjinweb$banner$DianJinBanner$AnimationType
com.bodong.dianjinweb.banner.DianJinBanner: DianJinBanner(android.content.Context)
com.bodong.dianjinweb.banner.DianJinBanner: DianJinBanner(android.content.Context,android.util.AttributeSet)
com.bodong.dianjinweb.banner.DianJinBanner: void init()
com.bodong.dianjinweb.banner.DianJinBanner: void startDetailActivity(java.lang.String)
com.bodong.dianjinweb.banner.DianJinBanner: void bindData(com.bodong.dianjinweb.banner.DianJinBannerView,com.bodong.dianjinweb.a.ax)
com.bodong.dianjinweb.banner.DianJinBanner: void showNext()
com.bodong.dianjinweb.banner.DianJinBanner: boolean isTheLastAd()
com.bodong.dianjinweb.banner.DianJinBanner: void replayAdList()
com.bodong.dianjinweb.banner.DianJinBanner: void playNext()