sdk/DianJinSDK_Android_20140303_2.01/demo/DianJinWebReward/proguard/mapping.txt
android.support.v4.widget.SlidingPaneLayout -> android.support.v4.widget.SlidingPaneLayout:
    int mSliderFadeColor -> b
    int mCoveredFadeColor -> c
    android.graphics.drawable.Drawable mShadowDrawable -> d
    int mOverhangSize -> e
    boolean mCanSlide -> f
    android.view.View mSlideableView -> g
    float mSlideOffset -> h
    float mParallaxOffset -> i
    int mSlideRange -> j
    boolean mIsUnableToDrag -> k
    int mParallaxBy -> l
    float mInitialMotionX -> m
    float mInitialMotionY -> n
    android.support.v4.widget.SlidingPaneLayout$PanelSlideListener mPanelSlideListener -> o
    android.support.v4.widget.ViewDragHelper mDragHelper -> p
    boolean mPreservedOpenState -> q
    boolean mFirstLayout -> r
    android.graphics.Rect mTmpRect -> s
    java.util.ArrayList mPostedRunnables -> t
    android.support.v4.widget.SlidingPaneLayout$SlidingPanelLayoutImpl IMPL -> a
    void setParallaxDistance(int) -> setParallaxDistance
    int getParallaxDistance() -> getParallaxDistance
    void setSliderFadeColor(int) -> setSliderFadeColor
    int getSliderFadeColor() -> getSliderFadeColor
    void setCoveredFadeColor(int) -> setCoveredFadeColor
    int getCoveredFadeColor() -> getCoveredFadeColor
    void setPanelSlideListener(android.support.v4.widget.SlidingPaneLayout$PanelSlideListener) -> setPanelSlideListener
    void updateObscuredViewsVisibility(android.view.View) -> a
    void setAllChildrenVisible() -> a
android.support.v4.widget.SlidingPaneLayout$1 -> android.support.v4.widget.p:
android.support.v4.widget.SlidingPaneLayout$DisableLayerRunnable -> android.support.v4.widget.q:
    android.view.View mChildView -> a
    android.support.v4.widget.SlidingPaneLayout this$0 -> b
    void run() -> run
android.support.v4.widget.SlidingPaneLayout$LayoutParams -> android.support.v4.widget.r:
    int[] ATTRS -> e
    float weight -> a
    boolean slideable -> b
    boolean dimWhenOffset -> c
    android.graphics.Paint dimPaint -> d
android.support.v4.widget.SlidingPaneLayout$PanelSlideListener -> android.support.v4.widget.s:
android.support.v4.widget.SlidingPaneLayout$SavedState -> android.support.v4.widget.SlidingPaneLayout$SavedState:
    boolean isOpen -> a
    android.os.Parcelable$Creator CREATOR -> CREATOR
    void writeToParcel(android.os.Parcel,int) -> writeToParcel
android.support.v4.widget.SlidingPaneLayout$SavedState$1 -> android.support.v4.widget.t:
    android.support.v4.widget.SlidingPaneLayout$SavedState createFromParcel(android.os.Parcel) -> a
    android.support.v4.widget.SlidingPaneLayout$SavedState[] newArray(int) -> a
    java.lang.Object[] newArray(int) -> newArray
    java.lang.Object createFromParcel(android.os.Parcel) -> createFromParcel
android.support.v4.widget.SlidingPaneLayout$SlidingPanelLayoutImpl -> android.support.v4.widget.u:
    void invalidateChildRegion(android.support.v4.widget.SlidingPaneLayout,android.view.View) -> a
android.support.v4.widget.SlidingPaneLayout$SlidingPanelLayoutImplBase -> android.support.v4.widget.v:
    void invalidateChildRegion(android.support.v4.widget.SlidingPaneLayout,android.view.View) -> a
android.support.v4.widget.SlidingPaneLayout$SlidingPanelLayoutImplJB -> android.support.v4.widget.w:
    java.lang.reflect.Method mGetDisplayList -> a
    java.lang.reflect.Field mRecreateDisplayList -> b
    void invalidateChildRegion(android.support.v4.widget.SlidingPaneLayout,android.view.View) -> a
android.support.v4.widget.SlidingPaneLayout$SlidingPanelLayoutImplJBMR1 -> android.support.v4.widget.x:
    void invalidateChildRegion(android.support.v4.widget.SlidingPaneLayout,android.view.View) -> a